<?xml version="1.0" encoding="UTF-8"?>
<testng-results skipped="0" failed="0" total="1" passed="1">
  <reporter-output>
  </reporter-output>
  <suite name="Default suite" duration-ms="9504" started-at="2021-03-06T13:49:40Z" finished-at="2021-03-06T13:49:50Z">
    <groups>
      <group name="cucumber">
        <method signature="TestRunner.feature(cucumber.api.testng.CucumberFeatureWrapper)[pri:0, instance:com.et.testRunner.TestRunner@3e6fa38a]" name="feature" class="com.et.testRunner.TestRunner"/>
      </group> <!-- cucumber -->
    </groups>
    <test name="Default test" duration-ms="9504" started-at="2021-03-06T13:49:40Z" finished-at="2021-03-06T13:49:50Z">
      <class name="com.et.testRunner.TestRunner">
        <test-method status="PASS" signature="setUpClass()[pri:0, instance:com.et.testRunner.TestRunner@3e6fa38a]" name="setUpClass" is-config="true" duration-ms="446" started-at="2021-03-06T19:19:40Z" finished-at="2021-03-06T19:19:40Z">
          <reporter-output>
          </reporter-output>
        </test-method> <!-- setUpClass -->
        <test-method status="PASS" signature="feature(cucumber.api.testng.CucumberFeatureWrapper)[pri:0, instance:com.et.testRunner.TestRunner@3e6fa38a]" name="feature" duration-ms="8870" started-at="2021-03-06T19:19:41Z" description="Runs cucmber Features" data-provider="features" finished-at="2021-03-06T19:19:49Z">
          <params>
            <param index="0">
              <value>
                <![CDATA[test]]>
              </value>
            </param>
          </params>
          <reporter-output>
          </reporter-output>
        </test-method> <!-- feature -->
        <test-method status="PASS" signature="testDownClass()[pri:0, instance:com.et.testRunner.TestRunner@3e6fa38a]" name="testDownClass" is-config="true" duration-ms="30" started-at="2021-03-06T19:19:49Z" finished-at="2021-03-06T19:19:50Z">
          <reporter-output>
          </reporter-output>
        </test-method> <!-- testDownClass -->
      </class> <!-- com.et.testRunner.TestRunner -->
    </test> <!-- Default test -->
  </suite> <!-- Default suite -->
</testng-results>
